<?xml version="1.0" encoding="UTF-8"?>
<testsuite name="adminTest_FF"
           tests="1"
           failures="1"
           errors="0"
           skipped="0"
           time="0.000">
  <properties />
            <testcase name="quitDriver" time="0.000" classname="initTest">
                <failure type="java.lang.NullPointerException"
                  message="(null)"
              >
<![CDATA[java.lang.NullPointerException
  initTest.quitDriver(initTest.java:38)
  sun.reflect.NativeMethodAccessorImpl.invoke0(Native Method)
  sun.reflect.NativeMethodAccessorImpl.invoke(NativeMethodAccessorImpl.java:62)
  sun.reflect.DelegatingMethodAccessorImpl.invoke(DelegatingMethodAccessorImpl.java:43)
  java.lang.reflect.Method.invoke(Method.java:498)
  org.testng.internal.MethodInvocationHelper.invokeMethod(MethodInvocationHelper.java:104)
  org.testng.internal.Invoker.invokeConfigurationMethod(Invoker.java:515)
  org.testng.internal.Invoker.invokeConfigurations(Invoker.java:217)
  org.testng.internal.Invoker.invokeConfigurations(Invoker.java:144)
  org.testng.SuiteRunner.privateRun(SuiteRunner.java:357)
  org.testng.SuiteRunner.run(SuiteRunner.java:289)
  org.testng.SuiteRunnerWorker.runSuite(SuiteRunnerWorker.java:52)
  org.testng.SuiteRunnerWorker.run(SuiteRunnerWorker.java:86)
  org.testng.TestNG.runSuitesSequentially(TestNG.java:1293)
  org.testng.TestNG.runSuitesLocally(TestNG.java:1218)
  org.testng.TestNG.runSuites(TestNG.java:1133)
  org.testng.TestNG.run(TestNG.java:1104)
  org.testng.IDEARemoteTestNG.run(IDEARemoteTestNG.java:72)
  org.testng.RemoteTestNGStarter.main(RemoteTestNGStarter.java:123)
]]>
      </failure>

          </testcase>
  
  
  
</testsuite>
